  316136947_ProyectoFinal_GPO04.cpp
C:\Users\sergi\Desktop\Practicas CGIH\Repositorio\316136947_Proyecto_Gpo04\ProyectoFinal\ProyectoFinal\316136947_ProyectoFinal_GPO04.cpp(70,17): warning C4305: 'inicializando': truncamiento de 'double' a 'float'
C:\Users\sergi\Desktop\Practicas CGIH\Repositorio\316136947_Proyecto_Gpo04\ProyectoFinal\ProyectoFinal\316136947_ProyectoFinal_GPO04.cpp(73,3369): warning C4305: 'inicializando': truncamiento de 'double' a 'float'
C:\Users\sergi\Desktop\Practicas CGIH\Repositorio\316136947_Proyecto_Gpo04\ProyectoFinal\ProyectoFinal\316136947_ProyectoFinal_GPO04.cpp(75,2638): warning C4305: 'inicializando': truncamiento de 'double' a 'float'
C:\Users\sergi\Desktop\Practicas CGIH\Repositorio\316136947_Proyecto_Gpo04\ProyectoFinal\ProyectoFinal\316136947_ProyectoFinal_GPO04.cpp(80,20): warning C4305: 'inicializando': truncamiento de 'double' a 'float'
C:\Users\sergi\Desktop\Practicas CGIH\Repositorio\316136947_Proyecto_Gpo04\ProyectoFinal\ProyectoFinal\316136947_ProyectoFinal_GPO04.cpp(83,13473): warning C4305: 'inicializando': truncamiento de 'double' a 'float'
C:\Users\sergi\Desktop\Practicas CGIH\Repositorio\316136947_Proyecto_Gpo04\ProyectoFinal\ProyectoFinal\316136947_ProyectoFinal_GPO04.cpp(85,13784): warning C4305: 'inicializando': truncamiento de 'double' a 'float'
C:\Users\sergi\Desktop\Practicas CGIH\Repositorio\316136947_Proyecto_Gpo04\ProyectoFinal\ProyectoFinal\316136947_ProyectoFinal_GPO04.cpp(87,14338): warning C4305: 'inicializando': truncamiento de 'double' a 'float'
C:\Users\sergi\Desktop\Practicas CGIH\Repositorio\316136947_Proyecto_Gpo04\ProyectoFinal\ProyectoFinal\316136947_ProyectoFinal_GPO04.cpp(308,24): warning C4244: 'inicializando': conversión de 'double' a 'GLfloat'; posible pérdida de datos
C:\Users\sergi\Desktop\Practicas CGIH\Repositorio\316136947_Proyecto_Gpo04\ProyectoFinal\ProyectoFinal\316136947_ProyectoFinal_GPO04.cpp(414,94): warning C4305: 'argumento': truncamiento de 'double' a 'GLfloat'
C:\Users\sergi\Desktop\Practicas CGIH\Repositorio\316136947_Proyecto_Gpo04\ProyectoFinal\ProyectoFinal\316136947_ProyectoFinal_GPO04.cpp(726,94): warning C4305: 'argumento': truncamiento de 'double' a 'GLfloat'
C:\Users\sergi\Desktop\Practicas CGIH\Repositorio\316136947_Proyecto_Gpo04\ProyectoFinal\ProyectoFinal\316136947_ProyectoFinal_GPO04.cpp(1133,11): warning C4244: '=': conversión de 'double' a 'GLfloat'; posible pérdida de datos
C:\Users\sergi\Desktop\Practicas CGIH\Repositorio\316136947_Proyecto_Gpo04\ProyectoFinal\ProyectoFinal\316136947_ProyectoFinal_GPO04.cpp(1134,11): warning C4244: '=': conversión de 'double' a 'GLfloat'; posible pérdida de datos
C:\Users\sergi\Desktop\Practicas CGIH\Repositorio\316136947_Proyecto_Gpo04\ProyectoFinal\ProyectoFinal\316136947_ProyectoFinal_GPO04.cpp(1138,18): warning C4244: 'inicializando': conversión de 'double' a 'GLfloat'; posible pérdida de datos
C:\Users\sergi\Desktop\Practicas CGIH\Repositorio\316136947_Proyecto_Gpo04\ProyectoFinal\ProyectoFinal\316136947_ProyectoFinal_GPO04.cpp(1139,18): warning C4244: 'inicializando': conversión de 'double' a 'GLfloat'; posible pérdida de datos
C:\Users\sergi\Desktop\Practicas CGIH\Repositorio\316136947_Proyecto_Gpo04\ProyectoFinal\ProyectoFinal\316136947_ProyectoFinal_GPO04.cpp(1141,10): warning C4244: '=': conversión de 'double' a 'GLfloat'; posible pérdida de datos
C:\Users\sergi\Desktop\Practicas CGIH\Repositorio\316136947_Proyecto_Gpo04\ProyectoFinal\ProyectoFinal\316136947_ProyectoFinal_GPO04.cpp(1142,10): warning C4244: '=': conversión de 'double' a 'GLfloat'; posible pérdida de datos
soil2-debug.lib(SOIL2.obj) : warning LNK4075: se omite '/EDITANDCONTINUE' debido a la especificación '/OPT:ICF'
LINK : warning LNK4098: la biblioteca predeterminada'MSVCRTD' entra en conflicto con otras bibliotecas; use la biblioteca /NODEFAULTLIB:biblioteca
  Generando código
  1 of 627 functions ( 0.2%) were compiled, the rest were copied from previous compilation.
    0 functions were new in current compilation
    0 functions had inline decision re-evaluated but remain unchanged
  Generación de código finalizada
soil2-debug.lib(etc1_utils.obj) : warning LNK4099: no se encontró PDB 'soil2-debug.pdb' con 'soil2-debug.lib(etc1_utils.obj)' o en 'C:\Users\sergi\Desktop\Practicas CGIH\Repositorio\316136947_Proyecto_Gpo04\ProyectoFinal\Release\soil2-debug.pdb'; se vinculará el objeto sin tener en cuenta información de depuración
soil2-debug.lib(image_DXT.obj) : warning LNK4099: no se encontró PDB 'soil2-debug.pdb' con 'soil2-debug.lib(image_DXT.obj)' o en 'C:\Users\sergi\Desktop\Practicas CGIH\Repositorio\316136947_Proyecto_Gpo04\ProyectoFinal\Release\soil2-debug.pdb'; se vinculará el objeto sin tener en cuenta información de depuración
soil2-debug.lib(image_helper.obj) : warning LNK4099: no se encontró PDB 'soil2-debug.pdb' con 'soil2-debug.lib(image_helper.obj)' o en 'C:\Users\sergi\Desktop\Practicas CGIH\Repositorio\316136947_Proyecto_Gpo04\ProyectoFinal\Release\soil2-debug.pdb'; se vinculará el objeto sin tener en cuenta información de depuración
soil2-debug.lib(SOIL2.obj) : warning LNK4099: no se encontró PDB 'soil2-debug.pdb' con 'soil2-debug.lib(SOIL2.obj)' o en 'C:\Users\sergi\Desktop\Practicas CGIH\Repositorio\316136947_Proyecto_Gpo04\ProyectoFinal\Release\soil2-debug.pdb'; se vinculará el objeto sin tener en cuenta información de depuración
  ProyectoFinal.vcxproj -> C:\Users\sergi\Desktop\Practicas CGIH\Repositorio\316136947_Proyecto_Gpo04\ProyectoFinal\Release\ProyectoFinal.exe
