  316136947_ProyectoFinal_GPO04.cpp
C:\Users\sergi\Desktop\Practicas CGIH\Repositorio\316136947_Proyecto_Gpo04\ProyectoFinal\ProyectoFinal\316136947_ProyectoFinal_GPO04.cpp(71,17): warning C4305: 'inicializando': truncamiento de 'double' a 'float'
C:\Users\sergi\Desktop\Practicas CGIH\Repositorio\316136947_Proyecto_Gpo04\ProyectoFinal\ProyectoFinal\316136947_ProyectoFinal_GPO04.cpp(74,3369): warning C4305: 'inicializando': truncamiento de 'double' a 'float'
C:\Users\sergi\Desktop\Practicas CGIH\Repositorio\316136947_Proyecto_Gpo04\ProyectoFinal\ProyectoFinal\316136947_ProyectoFinal_GPO04.cpp(76,2638): warning C4305: 'inicializando': truncamiento de 'double' a 'float'
C:\Users\sergi\Desktop\Practicas CGIH\Repositorio\316136947_Proyecto_Gpo04\ProyectoFinal\ProyectoFinal\316136947_ProyectoFinal_GPO04.cpp(81,20): warning C4305: 'inicializando': truncamiento de 'double' a 'float'
C:\Users\sergi\Desktop\Practicas CGIH\Repositorio\316136947_Proyecto_Gpo04\ProyectoFinal\ProyectoFinal\316136947_ProyectoFinal_GPO04.cpp(84,13473): warning C4305: 'inicializando': truncamiento de 'double' a 'float'
C:\Users\sergi\Desktop\Practicas CGIH\Repositorio\316136947_Proyecto_Gpo04\ProyectoFinal\ProyectoFinal\316136947_ProyectoFinal_GPO04.cpp(86,13784): warning C4305: 'inicializando': truncamiento de 'double' a 'float'
C:\Users\sergi\Desktop\Practicas CGIH\Repositorio\316136947_Proyecto_Gpo04\ProyectoFinal\ProyectoFinal\316136947_ProyectoFinal_GPO04.cpp(88,14338): warning C4305: 'inicializando': truncamiento de 'double' a 'float'
C:\Users\sergi\Desktop\Practicas CGIH\Repositorio\316136947_Proyecto_Gpo04\ProyectoFinal\ProyectoFinal\316136947_ProyectoFinal_GPO04.cpp(383,24): warning C4244: 'inicializando': conversión de 'double' a 'GLfloat'; posible pérdida de datos
C:\Users\sergi\Desktop\Practicas CGIH\Repositorio\316136947_Proyecto_Gpo04\ProyectoFinal\ProyectoFinal\316136947_ProyectoFinal_GPO04.cpp(792,94): warning C4305: 'argumento': truncamiento de 'double' a 'GLfloat'
C:\Users\sergi\Desktop\Practicas CGIH\Repositorio\316136947_Proyecto_Gpo04\ProyectoFinal\ProyectoFinal\316136947_ProyectoFinal_GPO04.cpp(956,94): warning C4305: 'argumento': truncamiento de 'double' a 'GLfloat'
C:\Users\sergi\Desktop\Practicas CGIH\Repositorio\316136947_Proyecto_Gpo04\ProyectoFinal\ProyectoFinal\316136947_ProyectoFinal_GPO04.cpp(1263,11): warning C4244: '=': conversión de 'double' a 'GLfloat'; posible pérdida de datos
C:\Users\sergi\Desktop\Practicas CGIH\Repositorio\316136947_Proyecto_Gpo04\ProyectoFinal\ProyectoFinal\316136947_ProyectoFinal_GPO04.cpp(1264,11): warning C4244: '=': conversión de 'double' a 'GLfloat'; posible pérdida de datos
C:\Users\sergi\Desktop\Practicas CGIH\Repositorio\316136947_Proyecto_Gpo04\ProyectoFinal\ProyectoFinal\316136947_ProyectoFinal_GPO04.cpp(1268,18): warning C4244: 'inicializando': conversión de 'double' a 'GLfloat'; posible pérdida de datos
C:\Users\sergi\Desktop\Practicas CGIH\Repositorio\316136947_Proyecto_Gpo04\ProyectoFinal\ProyectoFinal\316136947_ProyectoFinal_GPO04.cpp(1269,18): warning C4244: 'inicializando': conversión de 'double' a 'GLfloat'; posible pérdida de datos
C:\Users\sergi\Desktop\Practicas CGIH\Repositorio\316136947_Proyecto_Gpo04\ProyectoFinal\ProyectoFinal\316136947_ProyectoFinal_GPO04.cpp(1271,10): warning C4244: '=': conversión de 'double' a 'GLfloat'; posible pérdida de datos
C:\Users\sergi\Desktop\Practicas CGIH\Repositorio\316136947_Proyecto_Gpo04\ProyectoFinal\ProyectoFinal\316136947_ProyectoFinal_GPO04.cpp(1272,10): warning C4244: '=': conversión de 'double' a 'GLfloat'; posible pérdida de datos
LINK : warning LNK4098: la biblioteca predeterminada'MSVCRT' entra en conflicto con otras bibliotecas; use la biblioteca /NODEFAULTLIB:biblioteca
soil2-debug.lib(etc1_utils.obj) : warning LNK4099: no se encontró PDB 'soil2-debug.pdb' con 'soil2-debug.lib(etc1_utils.obj)' o en 'C:\Users\sergi\Desktop\Practicas CGIH\Repositorio\316136947_Proyecto_Gpo04\ProyectoFinal\Debug\soil2-debug.pdb'; se vinculará el objeto sin tener en cuenta información de depuración
soil2-debug.lib(image_DXT.obj) : warning LNK4099: no se encontró PDB 'soil2-debug.pdb' con 'soil2-debug.lib(image_DXT.obj)' o en 'C:\Users\sergi\Desktop\Practicas CGIH\Repositorio\316136947_Proyecto_Gpo04\ProyectoFinal\Debug\soil2-debug.pdb'; se vinculará el objeto sin tener en cuenta información de depuración
soil2-debug.lib(image_helper.obj) : warning LNK4099: no se encontró PDB 'soil2-debug.pdb' con 'soil2-debug.lib(image_helper.obj)' o en 'C:\Users\sergi\Desktop\Practicas CGIH\Repositorio\316136947_Proyecto_Gpo04\ProyectoFinal\Debug\soil2-debug.pdb'; se vinculará el objeto sin tener en cuenta información de depuración
soil2-debug.lib(SOIL2.obj) : warning LNK4099: no se encontró PDB 'soil2-debug.pdb' con 'soil2-debug.lib(SOIL2.obj)' o en 'C:\Users\sergi\Desktop\Practicas CGIH\Repositorio\316136947_Proyecto_Gpo04\ProyectoFinal\Debug\soil2-debug.pdb'; se vinculará el objeto sin tener en cuenta información de depuración
  ProyectoFinal.vcxproj -> C:\Users\sergi\Desktop\Practicas CGIH\Repositorio\316136947_Proyecto_Gpo04\ProyectoFinal\Debug\ProyectoFinal.exe
